<?xml version="1.0" encoding="UTF-8"?>
<testng-results total="2" passed="2" failed="0" skipped="0">
  <reporter-output>
  </reporter-output>
  <suite started-at="2022-11-13T11:30:37Z" name="OIB" finished-at="2022-11-13T11:30:58Z" duration-ms="21503">
    <groups>
    </groups>
    <test started-at="2022-11-13T11:30:37Z" name="Regression" finished-at="2022-11-13T11:30:58Z" duration-ms="21503">
      <class name="com.oib.automation.TC001">
        <test-method signature="tc002()[pri:0, instance:com.oib.automation.TC001@95e33cc]" started-at="2022-11-13T17:00:37Z" name="tc002" finished-at="2022-11-13T17:00:50Z" duration-ms="13331" status="PASS">
          <reporter-output>
          </reporter-output>
        </test-method> <!-- tc002 -->
      </class> <!-- com.oib.automation.TC001 -->
      <class name="com.oib.automation.TC002">
        <test-method signature="tc002()[pri:0, instance:com.oib.automation.TC002@20ca951f]" started-at="2022-11-13T17:00:50Z" name="tc002" finished-at="2022-11-13T17:00:58Z" duration-ms="8159" status="PASS">
          <reporter-output>
          </reporter-output>
        </test-method> <!-- tc002 -->
      </class> <!-- com.oib.automation.TC002 -->
    </test> <!-- Regression -->
  </suite> <!-- OIB -->
</testng-results>
